[INFO] (src/unixy.c:83) Now running as UID:501, GID:20
[INFO] (src/server.c:257) Starting 0MQ with 1 threads.
[INFO] (src/request.c:56) MAX limits.header_count=1280
[INFO] (src/connection.c:720) MAX limits.content_length=20480, limits.buffer_size=4096, limits.connection_stack_size=32768, limits.client_read_retries=5
[INFO] (src/connection.c:726) MAX limits.proxy_read_retries=100, limits.proxy_read_retry_warn=10
[INFO] (src/mongrel2.c:343) Starting Mongrel2/1.7.5. Copyright (C) Zed A. Shaw. Licensed BSD.
[INFO] (src/server.c:272) Starting server on port 6767
[INFO] (src/task/fd.c:151) MAX limits.fdtask_stack=102400
[INFO] (src/superpoll.c:106) You do not have epoll support. Allowing for 10240 file descriptors through poll.
[INFO] (src/handler.c:209) MAX allowing limits.handler_targets=128
[INFO] (src/handler.c:285) Binding handler PUSH socket tcp://127.0.0.1:9999 with identity: 34f9ceee-cd52-4b7f-b197-88bf2f0ec378
[INFO] (src/handler.c:311) Binding listener SUB socket tcp://127.0.0.1:9998 subscribed to: 
[INFO] (src/control.c:401) Setting up control socket in at ipc://run/control
[INFO] (src/mongrel2.c:83) SHUTDOWN REQUESTED: GRACEFUL (SIGINT again to EXIT NOW)
[ERROR] (src/task/net.c:235: errno: Bad file descriptor) Failed to accept after doing a poll on the socket.
[INFO] (src/mongrel2.c:354) Shutdown requested, goodbye.
[ERROR] (src/handler.c:180: errno: None) Receive on handler socket failed.
[ERROR] (src/control.c:91: errno: None) Receive on control failed.
[ERROR] (src/control.c:413: errno: None) Failed to read message: Undefined error: 0.
[INFO] (src/control.c:438) Control port exiting with error.
[INFO] (src/mongrel2.c:282) Shutting down all running tasks as gracefully as possible.
[INFO] (src/mongrel2.c:290) Tasks now running (including main task): 1
[INFO] (src/mongrel2.c:299) Removing pid file /run/mongrel2.pid
